# JRE version: OpenJDK Runtime Environment (8.0_342-b07) (build 1.8.0_342-8u342-b07-0ubuntu1~20.04-b07)
# Java VM: OpenJDK 64-Bit Server VM (25.342-b07 mixed mode linux-amd64 compressed oops)
Heap:
 PSYoungGen      total 259072K, used 201422K [0x0000000671b00000, 0x0000000689200000, 0x00000007c0000000)
  eden space 256000K, 77% used [0x0000000671b00000,0x000000067dcdd950,0x0000000681500000)
  from space 3072K, 94% used [0x0000000688400000,0x00000006886d5fa0,0x0000000688700000)
  to   space 8192K, 0% used [0x0000000688a00000,0x0000000688a00000,0x0000000689200000)
 ParOldGen       total 624128K, used 29346K [0x00000003d5000000, 0x00000003fb180000, 0x0000000671b00000)
  object space 624128K, 4% used [0x00000003d5000000,0x00000003d6ca8bb8,0x00000003fb180000)
 Metaspace       used 61821K, capacity 69000K, committed 69248K, reserved 1110016K
  class space    used 7986K, capacity 8485K, committed 8576K, reserved 1048576K
GC Heap History (10 events):
Event: 6185.395 GC heap before
{Heap before GC invocations=44 (full 3):
 PSYoungGen      total 278528K, used 278384K [0x0000000671b00000, 0x000000068a600000, 0x00000007c0000000)
  eden space 275456K, 100% used [0x0000000671b00000,0x0000000682800000,0x0000000682800000)
  from space 3072K, 95% used [0x000000068a300000,0x000000068a5dc188,0x000000068a600000)
  to   space 10240K, 0% used [0x0000000689200000,0x0000000689200000,0x0000000689c00000)
 ParOldGen       total 624128K, used 29058K [0x00000003d5000000, 0x00000003fb180000, 0x0000000671b00000)
  object space 624128K, 4% used [0x00000003d5000000,0x00000003d6c60ba8,0x00000003fb180000)
 Metaspace       used 61765K, capacity 68930K, committed 69248K, reserved 1110016K
  class space    used 7974K, capacity 8484K, committed 8576K, reserved 1048576K
Event: 6185.402 GC heap after
Heap after GC invocations=44 (full 3):
 PSYoungGen      total 274432K, used 2960K [0x0000000671b00000, 0x000000068a380000, 0x00000007c0000000)
  eden space 271360K, 0% used [0x0000000671b00000,0x0000000671b00000,0x0000000682400000)
  from space 3072K, 96% used [0x0000000689200000,0x00000006894e4188,0x0000000689500000)
  to   space 9728K, 0% used [0x0000000689a00000,0x0000000689a00000,0x000000068a380000)
 ParOldGen       total 624128K, used 29098K [0x00000003d5000000, 0x00000003fb180000, 0x0000000671b00000)
  object space 624128K, 4% used [0x00000003d5000000,0x00000003d6c6aba8,0x00000003fb180000)
 Metaspace       used 61765K, capacity 68930K, committed 69248K, reserved 1110016K
  class space    used 7974K, capacity 8484K, committed 8576K, reserved 1048576K
}
Event: 6310.627 GC heap before
{Heap before GC invocations=45 (full 3):
 PSYoungGen      total 274432K, used 274320K [0x0000000671b00000, 0x000000068a380000, 0x00000007c0000000)
  eden space 271360K, 100% used [0x0000000671b00000,0x0000000682400000,0x0000000682400000)
  from space 3072K, 96% used [0x0000000689200000,0x00000006894e4188,0x0000000689500000)
  to   space 9728K, 0% used [0x0000000689a00000,0x0000000689a00000,0x000000068a380000)
 ParOldGen       total 624128K, used 29098K [0x00000003d5000000, 0x00000003fb180000, 0x0000000671b00000)
  object space 624128K, 4% used [0x00000003d5000000,0x00000003d6c6aba8,0x00000003fb180000)
 Metaspace       used 61774K, capacity 68930K, committed 69248K, reserved 1110016K
  class space    used 7974K, capacity 8484K, committed 8576K, reserved 1048576K
Event: 6310.637 GC heap after
Heap after GC invocations=45 (full 3):
 PSYoungGen      total 270336K, used 3023K [0x0000000671b00000, 0x0000000689d00000, 0x00000007c0000000)
  eden space 267264K, 0% used [0x0000000671b00000,0x0000000671b00000,0x0000000682000000)
  from space 3072K, 98% used [0x0000000689a00000,0x0000000689cf3cb8,0x0000000689d00000)
  to   space 9216K, 0% used [0x0000000688b00000,0x0000000688b00000,0x0000000689400000)
 ParOldGen       total 624128K, used 29170K [0x00000003d5000000, 0x00000003fb180000, 0x0000000671b00000)
  object space 624128K, 4% used [0x00000003d5000000,0x00000003d6c7cba8,0x00000003fb180000)
 Metaspace       used 61774K, capacity 68930K, committed 69248K, reserved 1110016K
  class space    used 7974K, capacity 8484K, committed 8576K, reserved 1048576K
}
Event: 6433.627 GC heap before
{Heap before GC invocations=46 (full 3):
 PSYoungGen      total 270336K, used 270287K [0x0000000671b00000, 0x0000000689d00000, 0x00000007c0000000)
  eden space 267264K, 100% used [0x0000000671b00000,0x0000000682000000,0x0000000682000000)
  from space 3072K, 98% used [0x0000000689a00000,0x0000000689cf3cb8,0x0000000689d00000)
  to   space 9216K, 0% used [0x0000000688b00000,0x0000000688b00000,0x0000000689400000)
 ParOldGen       total 624128K, used 29170K [0x00000003d5000000, 0x00000003fb180000, 0x0000000671b00000)
  object space 624128K, 4% used [0x00000003d5000000,0x00000003d6c7cba8,0x00000003fb180000)
 Metaspace       used 61813K, capacity 69000K, committed 69248K, reserved 1110016K
  class space    used 7986K, capacity 8485K, committed 8576K, reserved 1048576K
Event: 6433.635 GC heap after
Heap after GC invocations=46 (full 3):
 PSYoungGen      total 266752K, used 3087K [0x0000000671b00000, 0x0000000689a80000, 0x00000007c0000000)
  eden space 263168K, 0% used [0x0000000671b00000,0x0000000671b00000,0x0000000681c00000)
  from space 3584K, 86% used [0x0000000688b00000,0x0000000688e03cb8,0x0000000688e80000)
  to   space 9216K, 0% used [0x0000000689180000,0x0000000689180000,0x0000000689a80000)
 ParOldGen       total 624128K, used 29210K [0x00000003d5000000, 0x00000003fb180000, 0x0000000671b00000)
  object space 624128K, 4% used [0x00000003d5000000,0x00000003d6c86ba8,0x00000003fb180000)
 Metaspace       used 61813K, capacity 69000K, committed 69248K, reserved 1110016K
  class space    used 7986K, capacity 8485K, committed 8576K, reserved 1048576K
}
Event: 6553.627 GC heap before
{Heap before GC invocations=47 (full 3):
 PSYoungGen      total 266752K, used 266255K [0x0000000671b00000, 0x0000000689a80000, 0x00000007c0000000)
  eden space 263168K, 100% used [0x0000000671b00000,0x0000000681c00000,0x0000000681c00000)
  from space 3584K, 86% used [0x0000000688b00000,0x0000000688e03cb8,0x0000000688e80000)
  to   space 9216K, 0% used [0x0000000689180000,0x0000000689180000,0x0000000689a80000)
 ParOldGen       total 624128K, used 29210K [0x00000003d5000000, 0x00000003fb180000, 0x0000000671b00000)
  object space 624128K, 4% used [0x00000003d5000000,0x00000003d6c86ba8,0x00000003fb180000)
 Metaspace       used 61813K, capacity 69000K, committed 69248K, reserved 1110016K
  class space    used 7986K, capacity 8485K, committed 8576K, reserved 1048576K
Event: 6553.634 GC heap after
Heap after GC invocations=47 (full 3):
 PSYoungGen      total 263168K, used 3111K [0x0000000671b00000, 0x0000000689500000, 0x00000007c0000000)
  eden space 259584K, 0% used [0x0000000671b00000,0x0000000671b00000,0x0000000681880000)
  from space 3584K, 86% used [0x0000000689180000,0x0000000689489ea0,0x0000000689500000)
  to   space 8704K, 0% used [0x0000000688400000,0x0000000688400000,0x0000000688c80000)
 ParOldGen       total 624128K, used 29266K [0x00000003d5000000, 0x00000003fb180000, 0x0000000671b00000)
  object space 624128K, 4% used [0x00000003d5000000,0x00000003d6c94ba8,0x00000003fb180000)
 Metaspace       used 61813K, capacity 69000K, committed 69248K, reserved 1110016K
  class space    used 7986K, capacity 8485K, committed 8576K, reserved 1048576K
}
Event: 6674.335 GC heap before
{Heap before GC invocations=48 (full 3):
 PSYoungGen      total 263168K, used 262695K [0x0000000671b00000, 0x0000000689500000, 0x00000007c0000000)
  eden space 259584K, 100% used [0x0000000671b00000,0x0000000681880000,0x0000000681880000)
  from space 3584K, 86% used [0x0000000689180000,0x0000000689489ea0,0x0000000689500000)
  to   space 8704K, 0% used [0x0000000688400000,0x0000000688400000,0x0000000688c80000)
 ParOldGen       total 624128K, used 29266K [0x00000003d5000000, 0x00000003fb180000, 0x0000000671b00000)
  object space 624128K, 4% used [0x00000003d5000000,0x00000003d6c94ba8,0x00000003fb180000)
 Metaspace       used 61821K, capacity 69000K, committed 69248K, reserved 1110016K
  class space    used 7986K, capacity 8485K, committed 8576K, reserved 1048576K
Event: 6674.343 GC heap after
Heap after GC invocations=48 (full 3):
 PSYoungGen      total 259072K, used 2903K [0x0000000671b00000, 0x0000000689200000, 0x00000007c0000000)
  eden space 256000K, 0% used [0x0000000671b00000,0x0000000671b00000,0x0000000681500000)
  from space 3072K, 94% used [0x0000000688400000,0x00000006886d5fa0,0x0000000688700000)
  to   space 8192K, 0% used [0x0000000688a00000,0x0000000688a00000,0x0000000689200000)
 ParOldGen       total 624128K, used 29346K [0x00000003d5000000, 0x00000003fb180000, 0x0000000671b00000)
  object space 624128K, 4% used [0x00000003d5000000,0x00000003d6ca8bb8,0x00000003fb180000)
 Metaspace       used 61821K, capacity 69000K, committed 69248K, reserved 1110016K
  class space    used 7986K, capacity 8485K, committed 8576K, reserved 1048576K
}

